Arguments: 
  /Users/weiyinpeng/.nvm/versions/node/v14.17.3/bin/node /Users/weiyinpeng/.npm-global/bin/yarn add --dev @babel/preset-typescript

PATH: 
  /Users/weiyinpeng/.nvm/versions/node/v14.17.3/bin:/Users/weiyinpeng/.autojump/bin:/usr/local/bin:/bin:/usr/bin:/Users/weiyinpeng/.npm-global/bin:/usr/local/mongodb/bin:/Users/weiyinpeng/Documents/github-code/platform-tools:/usr/local/bin:/usr/local/bin:/usr/bin:/bin:/usr/sbin:/sbin:/Library/Apple/usr/bin:/Users/weiyinpeng/.nvm/versions/node/v14.17.3/bin:/Users/weiyinpeng/.autojump/bin:/Users/weiyinpeng/.npm-global/bin:/usr/local/mongodb/bin:/Users/weiyinpeng/Documents/github-code/platform-tools

Yarn version: 
  1.22.11

Node version: 
  14.17.3

Platform: 
  darwin x64

Trace: 
  Error: ENOENT: no such file or directory, copyfile '/Users/weiyinpeng/Library/Caches/Yarn/v6/npm-escape-string-regexp-1.0.5-1b61c0562190a8dff6ae3bb2cf0200ca130b86d4-integrity/node_modules/escape-string-regexp/index.js' -> '/Users/weiyinpeng/Documents/study-code/leetcode-study/node_modules/@babel/highlight/node_modules/escape-string-regexp/index.js'

npm manifest: 
  {
    "name": "leetcode-study",
    "version": "1.0.0",
    "description": "",
    "main": "index.js",
    "scripts": {
      "jest": "jest",
      "test": "echo \"Error: no test specified\" && exit 1"
    },
    "author": "",
    "license": "ISC",
    "devDependencies": {
      "jest": "^28.1.1"
    }
  }

yarn manifest: 
  No manifest

Lockfile: 
  No lockfile
